<?xml version="1.0" encoding="UTF-8"?>
<testsuite xmlns:xsi="http://www.w3.org/2001/XMLSchema-instance" xsi:noNamespaceSchemaLocation="https://maven.apache.org/surefire/maven-surefire-plugin/xsd/surefire-test-report-3.0.xsd" version="3.0" name="TestSuite" time="39.624" tests="5" errors="0" skipped="0" failures="2">
  <properties>
[...]
</properties>
  <testcase name="baseNavigation" classname="sgt.tchateau.seleniumautomation11.ValidateNavigationBar" time="0.275"/>
  <testcase name="baseNavigation" classname="sgt.tchateau.seleniumautomation11.ValidateTitle" time="5.936">
    <failure message="no such element: Unable to locate element: {&quot;method&quot;:&quot;xpath&quot;,&quot;selector&quot;:&quot;//div[@class=&apos;text-center&apos;]/h2&quot;}&#10;  (Session info: chrome=77.0.3865.120)&#10;For documentation on this error, please visit: https://www.seleniumhq.org/exceptions/no_such_element.html&#10;Build info: version: &apos;3.141.59&apos;, revision: &apos;e82be7d358&apos;, time: &apos;2018-11-14T08:17:03&apos;&#10;System info: host: &apos;LFR038542&apos;, ip: &apos;10.25.165.20&apos;, os.name: &apos;Windows 10&apos;, os.arch: &apos;amd64&apos;, os.version: &apos;10.0&apos;, java.version: &apos;1.8.0_231&apos;&#10;Driver info: org.openqa.selenium.chrome.ChromeDriver&#10;Capabilities {acceptInsecureCerts: false, browserName: chrome, browserVersion: 77.0.3865.120, chrome: {chromedriverVersion: 77.0.3865.40 (f484704e052e0..., userDataDir: C:\Users\tchateau\AppData\L...}, goog:chromeOptions: {debuggerAddress: localhost:50587}, javascriptEnabled: true, networkConnectionEnabled: false, pageLoadStrategy: normal, platform: XP, platformName: XP, proxy: Proxy(), setWindowRect: true, strictFileInteractability: false, timeouts: {implicit: 0, pageLoad: 300000, script: 30000}, unhandledPromptBehavior: dismiss and notify}&#10;Session ID: 975c71721e43843630364ebf2edb17b8&#10;*** Element info: {Using=xpath, value=//div[@class=&apos;text-center&apos;]/h2}" type="org.openqa.selenium.NoSuchElementException">org.openqa.selenium.NoSuchElementException: 
no such element: Unable to locate element: {"method":"xpath","selector":"//div[@class='text-center']/h2"}
  (Session info: chrome=77.0.3865.120)
For documentation on this error, please visit: https://www.seleniumhq.org/exceptions/no_such_element.html
Build info: version: '3.141.59', revision: 'e82be7d358', time: '2018-11-14T08:17:03'
System info: host: 'LFR038542', ip: '10.25.165.20', os.name: 'Windows 10', os.arch: 'amd64', os.version: '10.0', java.version: '1.8.0_231'
Driver info: org.openqa.selenium.chrome.ChromeDriver
Capabilities {acceptInsecureCerts: false, browserName: chrome, browserVersion: 77.0.3865.120, chrome: {chromedriverVersion: 77.0.3865.40 (f484704e052e0..., userDataDir: C:\Users\tchateau\AppData\L...}, goog:chromeOptions: {debuggerAddress: localhost:50587}, javascriptEnabled: true, networkConnectionEnabled: false, pageLoadStrategy: normal, platform: XP, platformName: XP, proxy: Proxy(), setWindowRect: true, strictFileInteractability: false, timeouts: {implicit: 0, pageLoad: 300000, script: 30000}, unhandledPromptBehavior: dismiss and notify}
Session ID: 975c71721e43843630364ebf2edb17b8
*** Element info: {Using=xpath, value=//div[@class='text-center']/h2}
	at sgt.tchateau.seleniumautomation11.ValidateTitle.baseNavigation(ValidateTitle.java:34)
</failure>
    <system-out><![CDATA[onTestSuccess
onFinish
]]></system-out>
  </testcase>
  <testcase name="baseNavigation" classname="sgt.tchateau.seleniumautomation11.ValidateTitle" time="6.019">
    <failure type="java.lang.NullPointerException">java.lang.NullPointerException
</failure>
    <system-out><![CDATA[onTestFailure
]]></system-out>
  </testcase>
  <testcase name="basePageNavigation" classname="sgt.tchateau.seleniumautomation11.HomePage" time="3.591"/>
  <testcase name="basePageNavigation" classname="sgt.tchateau.seleniumautomation11.HomePage" time="1.088"/>
</testsuite>